[20350.340864] CPU: 2 PID: 26621 Comm: cppunittester Tainted: G            E     5.18.0-2-riscv64 #1  Debian 5.18.5-1
[20350.341423] Hardware name: riscv-virtio,qemu (DT)
[20350.341710] epc : 00ffffff94ea4028 ra : 00ffffff8cab03b4 sp : 00fffffff1b32590
[20350.342543]  gp : 00aaaaaac0836800 tp : 00ffffff949037b0 t0 : 00ffffff94aeffb8
[20350.343655]  t1 : 00ffffff94cd92ac t2 : 00ffffff93930010 s0 : 00fffffff1b32670
[20350.344817]  s1 : 00aaaaaaf0db48c0 a0 : 00fffffff1b32630 a1 : 00aaaaaaf0db4458
[20350.345219]  a2 : 00fffffff1b325f8 a3 : 00fffffff1b32630 a4 : 00ffffff94ea4028
[20350.345597]  a5 : 00aaaaaaf0db4458 a6 : 0000000000000000 a7 : 00aaaaaaf0db5ae0
[20350.346812]  s2 : 00fffffff1b32630 s3 : 00ffffff8cad6a6a s4 : 00aaaaaabf7356a0
[20350.348698]  s5 : 00aaaaaabf7356a0 s6 : 00ffffffc88db5ec s7 : 00aaaaaaea524128
[20350.350031]  s8 : 0000000000000000 s9 : 0000000000000008 s10: 000000000000000f
[20350.352063]  s11: 00aaaaaaea523168 t3 : 00ffffff94a3e188 t4 : 00aaaaaaf00cb100
[20350.352530]  t5 : 0000000000000000 t6 : 000000000000002a
[20350.352767] status: 8000000200006020 badaddr: 0000000000008000 cause: 0000000000000002
[20353.536540] cppunittester[26575]: unhandled signal 4 code 0x1 at 0x00ffffff7e4acb2a in libgcc3_uno.so[ffffff7e4a2000+24000]
[20353.539018] CPU: 0 PID: 26575 Comm: cppunittester Tainted: G            E     5.18.0-2-riscv64 #1  Debian 5.18.5-1
[20353.539748] Hardware name: riscv-virtio,qemu (DT)
[20353.540453] epc : 00ffffff7e4acb2a ra : 00ffffff7e4ad31c sp : 00ffffffc9a03640
[20353.542026]  gp : 00aaaaaab78f4800 tp : 00ffffff8124c7b0 t0 : 00ffffff811c7648
[20353.543883]  t1 : 00ffffff7e4a570c t2 : 00ffffff7e4c7010 s0 : 00ffffffc9a036e0
[20353.544356]  s1 : 00aaaaaac30942d0 a0 : 00ffffff811c6660 a1 : 0000000000000004
[20353.545026]  a2 : 0000000000000000 a3 : 0000000000000001 a4 : 0000000000000020
[20353.546310]  a5 : 00ffffff810547b0 a6 : 0000000000000000 a7 : 00ffffffc9a03858
[20353.547061]  s2 : 00ffffff793c7b5a s3 : 00aaaaaac20282b0 s4 : 00aaaaaadca256a0
[20353.547401]  s5 : 00aaaaaadca256a0 s6 : 00ffffffebe7c5ec s7 : 00aaaaaadd8c78c0
[20353.547746]  s8 : 0000000000000000 s9 : 0000000000000008 s10: 000000000000000f
[20353.548154]  s11: 00aaaaaadd8c6008 t3 : 00ffffff811e9dc0 t4 : 0000000000000009
[20353.548582]  t5 : 0000000000000000 t6 : 0000000000000030
[20353.548956] status: 8000000200006020 badaddr: 00000000141027f3 cause: 0000000000000002
[20358.271562] cppunittester[26586]: unhandled signal 4 code 0x1 at 0x00ffffff859bdb2a in libgcc3_uno.so[ffffff859b3000+24000]
[20358.272243] CPU: 7 PID: 26586 Comm: cppunittester Tainted: G            E     5.18.0-2-riscv64 #1  Debian 5.18.5-1
[20358.272699] Hardware name: riscv-virtio,qemu (DT)
[20358.273013] epc : 00ffffff859bdb2a ra : 00ffffff859be31c sp : 00ffffffd8d86700
[20358.273340]  gp : 00aaaaaae43a7800 tp : 00ffffff8875e7b0 t0 : 00ffffff886d9648
[20358.274659]  t1 : 00ffffff859b670c t2 : 00ffffff859d8010 s0 : 00ffffffd8d867a0
[20358.275019]  s1 : 00aaaaaaec0ea710 a0 : 00ffffff886d8660 a1 : 0000000000000004
[20358.275466]  a2 : 0000000000000000 a3 : 0000000000000001 a4 : 0000000000000020
[20358.275880]  a5 : 00ffffff885667b0 a6 : 0000000000000000 a7 : 00ffffffd8d86918
[20358.276113]  s2 : 00ffffff7ebc7b5a s3 : 00aaaaaaeb089360 s4 : 00aaaaaadd8a26a0
[20358.276334]  s5 : 00aaaaaadd8a26a0 s6 : 00ffffffd28195ec s7 : 00aaaaaaecde06a0
[20358.276512]  s8 : 0000000000000000 s9 : 0000000000000008 s10: 000000000000000f
[20358.277097]  s11: 00aaaaaaecddee88 t3 : 00ffffff886fbdc0 t4 : 000000000000000e
[20358.278917]  t5 : 0000000000000000 t6 : 0000000000000080
[20358.279519] status: 8000000200006020 badaddr: 00000000141027f3 cause: 0000000000000002
[20360.624303] cppunittester[26826]: unhandled signal 4 code 0x1 at 0x00ffffff8ff99b2a in libgcc3_uno.so[ffffff8ff8f000+24000]
[20360.630745] CPU: 6 PID: 26826 Comm: cppunittester Tainted: G            E     5.18.0-2-riscv64 #1  Debian 5.18.5-1
[20360.632370] Hardware name: riscv-virtio,qemu (DT)
[20360.632693] epc : 00ffffff8ff99b2a ra : 00ffffff8ff9a31c sp : 00fffffff5a96570
[20360.633041]  gp : 00aaaaaad073b800 tp : 00ffffff903717b0 t0 : 00ffffff902dd648
[20360.633975]  t1 : 00ffffff8ff9270c t2 : 00ffffff8ffb4010 s0 : 00fffffff5a96610
[20360.634590]  s1 : 00aaaaaaeedaeef0 a0 : 00ffffff902dc660 a1 : 0000000000000004
[20360.635446]  a2 : 0000000000000000 a3 : 0000000000000001 a4 : 0000000000000020
[20360.636052]  a5 : 00ffffff9016a7b0 a6 : 0000000000000000 a7 : 00fffffff5a96788
[20360.637170]  s2 : 00aaaaaaeeda5de0 s3 : 00aaaaaaeeda5e00 s4 : 00aaaaaada6a86a0
[20360.638808]  s5 : 00aaaaaada6a86a0 s6 : 00fffffffc5f75ec s7 : 00aaaaaaf61dde50
[20360.639532]  s8 : 0000000000000000 s9 : 0000000000000008 s10: 000000000000000f
[20360.640142]  s11: 00aaaaaaf61dd790 t3 : 00ffffff902ffdc0 t4 : 00000000000000db
[20360.640905]  t5 : 0000000000000000 t6 : 0000000000000090
[20360.641326] status: 8000000200006020 badaddr: 00000000141027f3 cause: 0000000000000002
[20362.111207] cppunittester[26849]: unhandled signal 4 code 0x1 at 0x00ffffffb8ee7b2a in libgcc3_uno.so[ffffffb8edd000+24000]
[20362.112856] CPU: 4 PID: 26849 Comm: cppunittester Tainted: G            E     5.18.0-2-riscv64 #1  Debian 5.18.5-1
[20362.115002] Hardware name: riscv-virtio,qemu (DT)
[20362.116263] epc : 00ffffffb8ee7b2a ra : 00ffffffb8ee831c sp : 00fffffff815d300
[20362.117084]  gp : 00aaaaaada385800 tp : 00ffffffb92c37b0 t0 : 00ffffffb922b648
[20362.117610]  t1 : 00ffffffb8ee070c t2 : 00ffffffb8f02010 s0 : 00fffffff815d3a0
[20362.118259]  s1 : 00aaaaaadc6245f0 a0 : 00ffffffb922a660 a1 : 0000000000000004
[20362.119156]  a2 : 0000000000000000 a3 : 0000000000000001 a4 : 0000000000000020
[20362.119727]  a5 : 00ffffffb90b87b0 a6 : 0000000000000000 a7 : 00fffffff815d518
[20362.121138]  s2 : 00ffffffb915310e s3 : 00aaaaaadc61ce00 s4 : 00aaaaaacb5826a0
[20362.122912]  s5 : 00aaaaaacb5826a0 s6 : 00ffffffcbc655ec s7 : 00aaaaaaf36d1e50
[20362.123534]  s8 : 0000000000000000 s9 : 0000000000000008 s10: 000000000000000f
[20362.124357]  s11: 00aaaaaaf36d1790 t3 : 00ffffffb924ddc0 t4 : 0000000000000062
[20362.125082]  t5 : 0000000000000000 t6 : 00000000000000b0
[20362.126751] status: 8000000200006020 badaddr: 00000000141027f3 cause: 0000000000000002